<?xml version="1.0" encoding="UTF-8"?>
<testsuite name="ServerTest" tests="6" skipped="0" failures="0" errors="0" timestamp="2025-06-12T02:55:55" hostname="PC-43AE4B1FBF" time="0.035">
  <properties/>
  <testcase name="addManyRequest" classname="ServerTest" time="0.021"/>
  <testcase name="addRequest" classname="ServerTest" time="0.006"/>
  <testcase name="tempConvertRequest" classname="ServerTest" time="0.002"/>
  <testcase name="echoRequest" classname="ServerTest" time="0.001"/>
  <testcase name="dadJokeRequest" classname="ServerTest" time="0.002"/>
  <testcase name="notJSON" classname="ServerTest" time="0.001"/>
  <system-out><![CDATA[{"ok":false,"message":"Values in array need to be ints"}
{"ok":false,"message":"Field num2 does not exist in request"}
{"ok":false,"message":"Field num1 does not exist in request"}
{"ok":false,"message":"Field num1 does not exist in request"}
{"ok":false,"type":"add","message":"Field num1/num2 needs to be of type: int"}
{"ok":false,"message":"Field data does not exist in request"}
{"ok":false,"message":"Field num2 does not exist in request"}
{"ok":false,"message":"Field num1 does not exist in request"}
{"ok":false,"message":"Field num1 does not exist in request"}
{"ok":false,"type":"add","message":"Field num1/num2 needs to be of type: int"}
]]></system-out>
  <system-err><![CDATA[]]></system-err>
</testsuite>
